7:	-1:		  1:	nceptab_1.tab
7:	-1:		  2:	nceptab_2.tab
7:	-1:		  3:	nceptab_3.tab
7:	-1:		129:	nceptab_129.tab
7:	-1:		130:	nceptab_130.tab
7:	-1:		131:	nceptab_131.tab
7:	-1:		140:	nceptab_140.tab
8:	-1:		  1:	nceptab_1.tab
8:	-1:		  2:	nceptab_2.tab
8:	-1:		  3:	nceptab_3.tab
8:	-1:		129:	nceptab_129.tab
8:	-1:		130:	nceptab_130.tab
8:	-1:		131:	nceptab_131.tab
8:	-1:		140:	nceptab_140.tab
9:	-1:		  1:	nceptab_1.tab
9:	-1:		  2:	nceptab_2.tab
9:	-1:		  3:	nceptab_3.tab
9:	-1:		129:	nceptab_129.tab
9:	-1:		130:	nceptab_130.tab
9:	-1:		131:	nceptab_131.tab
9:	-1:		140:	nceptab_140.tab
58:	 0:		  2:	fnmoc_2.tab
59:	 0:		  0:	fsl_0_0.tab
59:	 2:		  0:	fsl_2_0.tab
59:	 0:		  2:	fsl_2_0.tab
60:	 0:		  2:	ncar_0_200.tab
60:	 0:		129:	ncar_0_200.tab
60:	 1:		  2:	ncar_1_2.tab
74:  	 0:       	  2:    nceptab_2.tab
98:	-1:		  1:	nc72_ecmwf_3.tab
98:	-1:		  3:	nc72_ecmwf_3.tab
98:	-1:		128:	ecmwf_128.tab
98:	-1:		160:	ecmwf_160.tab
100:	-1:		  0:	nurc_100.tab
